********* Summary *****************
Zeta value -1.3848099545603643
Final original objective value [-2.50401708 -2.25765886 -2.26264673 -2.59428766 -1.38480995 -1.44115348
 -1.30806718 -2.69279612 -2.65168694 -2.41341255]
Final maximum original objective value 1.308067181933385
Final average original objective value -2.15105365460517
Final original objective value exceeding current objective value []
Final squared penalty error 0
Final penalized objective value -1.308067181933385
Final gradient [ 0.01682717  0.01220913  0.00835424  0.00529855  0.00304727  0.00150029
  0.00049278 -0.00011195 -0.00042637 -0.00054352 -0.00054038 -0.00047901
 -0.00040646 -0.00035458 -0.00034078 -0.00037031 -0.00043969 -0.00054043
 -0.0006621  -0.00079398 -0.00092512 -0.00104293 -0.00113115 -0.00116796
 -0.00112538 -0.00098035 -0.00074402 -0.00045378 -0.00014528  0.00014841
  0.0003976   0.00057664  0.0006145   0.00034422 -0.00047819 -0.00215273
 -0.00502179 -0.00938992 -0.0152808  -0.02247862]
Number of iterations 7
Terminated due to Converged
Completed in 0:00:10.575798 HH:MM:SS.US
Computational time 10.575797625
total tv norm 4.865421142489937
true energy -2.5826879787279347
