********* Summary *****************
Zeta value -0.8080873589761252
Final original objective value [-0.94220825 -0.92174555 -0.93699071 -0.92702284 -0.82782064 -0.82668424
 -0.80808736 -0.88667899 -0.8772683  -0.94514292]
Final original objective value exceeding current objective value []
Final squared penalty error 0
Final penalized objective value -0.8080873589761252
Final gradient [-8.13913076e-09 -1.63178407e-08 -2.41398646e-08 -3.14779906e-08
 -3.84003205e-08 -4.49268248e-08 -5.10307919e-08 -5.65333610e-08
 -6.12061821e-08 -6.53353449e-08 -6.90830344e-08 -7.22414308e-08
 -7.47029109e-08 -7.66084630e-08 -7.80818722e-08 -7.91095982e-08
 -7.95026888e-08 -7.92783371e-08 -7.82422865e-08 -7.63719428e-08
 -7.39713977e-08 -7.11464849e-08 -6.77779371e-08 -6.39870582e-08
 -5.98017503e-08 -5.50395862e-08 -4.98575841e-08 -4.44374672e-08
 -3.87649258e-08 -3.27902934e-08 -2.64534753e-08 -1.97642797e-08
 -1.25517143e-08 -4.95861940e-09  2.69530584e-09  1.03864386e-08
  1.82179238e-08  2.61493143e-08  3.40670979e-08  4.19132096e-08]
Number of iterations 7
Terminated due to Converged
Completed in 0:00:05.672580 HH:MM:SS.US
Computational time 5.672580125
total tv norm 20.880463666435453
true energy -1.0189373462922608
