********* Summary *****************
Zeta value -1.2353730335299484
Final original objective value [-2.90621287 -2.70882601 -2.05996298 -2.65087435 -1.40311827 -2.42369811
 -1.44616976 -2.82384772 -2.06814745 -1.93486744 -1.58729099 -2.63406878
 -2.04851021 -2.19324743 -1.23537303 -2.02606283 -1.94022481 -2.34311458
 -2.88447096 -2.45494249]
Final maximum original objective value 1.2353730335299484
Final average original objective value -2.188651554927615
Final original objective value exceeding current objective value []
Final squared penalty error 0
Final penalized objective value -1.2353730335299484
Final gradient [ 3.09973764e-02  2.17635811e-02  1.40927782e-02  8.05700477e-03
  3.70053743e-03  1.03941007e-03 -8.05727911e-05 -2.58789359e-04
 -1.36420281e-04  1.00939312e-05  9.12466818e-05  1.06190370e-04
  8.60383093e-05  6.36904627e-05  6.09831060e-05  8.63418827e-05
  1.38312157e-04  2.11245341e-04  2.91787722e-04  3.60707381e-04
  4.00729435e-04  3.97353877e-04  3.42242940e-04  2.40752991e-04
  1.26428280e-04  8.71422010e-05  1.89157434e-04  4.06813336e-04
  6.92328744e-04  9.95686081e-04  1.25551454e-03  1.41719543e-03
  1.43412331e-03  1.26877905e-03 -1.60043980e-05 -3.57979614e-03
 -9.60216785e-03 -1.79505132e-02 -2.84410104e-02 -4.08426696e-02]
Number of iterations 34
Terminated due to Converged
Completed in 0:00:49.910041 HH:MM:SS.US
Computational time 49.910040667000004
total tv norm 5.111130404878283
true energy -2.6135808312025093
