********* Summary *****************
Zeta value -0.8080873589761265
Final original objective value [-0.94522926 -0.92639126 -0.93974744 -0.93082271 -0.8278123  -0.82739729
 -0.80808736 -0.90130606 -0.89365953 -0.94472832]
Final maximum original objective value 0.8080873589761265
Final average original objective value -0.8945181524089911
Final original objective value exceeding current objective value []
Final squared penalty error 0
Final penalized objective value -0.8080873589761265
Final gradient [ 6.73621639e-09  1.15674171e-08  1.61974622e-08  2.05628610e-08
  2.46099636e-08  2.82944025e-08  3.15802905e-08  3.44392952e-08
  3.68496860e-08  3.87954199e-08  4.02715764e-08  4.12899363e-08
  4.18737151e-08  4.20518613e-08  4.18574355e-08  4.13262170e-08
  4.04955660e-08  3.94035308e-08  3.80834839e-08  3.65520599e-08
  3.48139303e-08  3.28736348e-08  3.07354935e-08  2.84035502e-08
  2.58815489e-08  2.31729612e-08  2.02810730e-08  1.72091440e-08
  1.39606501e-08  1.05396207e-08  6.95107794e-09  3.20157584e-09
 -7.00157710e-10 -4.74249470e-09 -8.91011614e-09 -1.31831941e-08
 -1.75365961e-08 -2.19391743e-08 -2.63532187e-08 -3.07347161e-08]
Number of iterations 8
Terminated due to Converged
Completed in 0:00:01.289266 HH:MM:SS.US
Computational time 1.2892659590000006
total tv norm 1.8883305641467616
true energy -1.0189373462922608
