********* Summary *****************
Zeta value -0.7094204298017478
Final original objective value [-0.80018869 -0.85320038 -0.86515984 -0.72317348 -0.74109087 -0.74590308
 -0.70942043 -0.70942043 -0.71597032 -0.76696637]
Final maximum original objective value 0.7094204298017478
Final average original objective value -0.7630493896908632
Final original objective value exceeding current objective value []
Final squared penalty error 0
Final penalized objective value -0.7094204298017478
Final gradient [ 0.02032417  0.02216451  0.02358742  0.02459155  0.02518087  0.02536378
  0.02515226  0.02456114  0.02360762  0.02231074  0.02069109  0.01877048
  0.01657165  0.01412202  0.01145983  0.00862961  0.00567513  0.00263906
 -0.0004401  -0.00353124 -0.00661277 -0.00966884 -0.01268402 -0.0156434
 -0.01853273 -0.02134051 -0.02406052 -0.02669097 -0.02923282 -0.03168974
 -0.03406775 -0.03637477 -0.03861994 -0.04081285 -0.0429625  -0.04507614
 -0.04715808 -0.04920831 -0.05122123 -0.05318848]
Number of iterations 9
Terminated due to Converged
Completed in 0:00:08.070698 HH:MM:SS.US
Computational time 8.070697917
total tv norm 2.1573700428068268
true energy -1.0284060194383913
