********* Summary *****************
Zeta value -1.2473226744458104
Final original objective value [-2.28817026 -2.05616533 -2.89510133 -1.39880999 -1.59467017 -1.49427802
 -2.37020952 -1.61258348 -2.05184573 -1.64953751 -1.44901624 -1.41633233
 -2.44926766 -1.3509776  -1.45747836 -1.68163049 -2.10201284 -1.30662897
 -2.77660839 -1.28887227 -2.81507914 -2.11009234 -2.80005921 -2.39141645
 -2.15869188 -1.2606149  -1.61076815 -1.30451607 -1.76418685 -1.43757446
 -1.72689161 -1.99815895 -1.34139892 -2.51058318 -1.840446   -1.7052423
 -2.21878724 -1.369968   -2.29149545 -2.87087655 -1.76788974 -2.39257547
 -1.4232592  -2.05512044 -1.74943743 -1.53271455 -2.07632267 -1.24732267
 -2.50607418 -1.24732267]
Final maximum original objective value 1.2473226744458104
Final average original objective value -1.8843016633543979
Final original objective value exceeding current objective value []
Final squared penalty error 0
Final penalized objective value -1.2473226744458104
Final gradient [ 0.01540208  0.01135553  0.00794729  0.00520979  0.0031272   0.00159433
  0.0004699  -0.00036441 -0.00100313 -0.00152075 -0.00197438 -0.00240545
 -0.00284112 -0.00329566 -0.00377249 -0.00426664 -0.00476757 -0.00526183
 -0.00573534 -0.00617471 -0.0065679  -0.00690406 -0.00717299 -0.0073646
 -0.00746885 -0.00747652 -0.00738278 -0.00719743 -0.0069451  -0.00665611
 -0.00636615 -0.00612595 -0.00602051 -0.00617548 -0.00675324 -0.00795336
 -0.01000093 -0.01302297 -0.01698836 -0.02180144]
Number of iterations 27
Terminated due to Converged
Completed in 0:03:32.294389 HH:MM:SS.US
Computational time 212.29438862499998
total tv norm 4.856251390988729
true energy -2.372155230037827
