********* Summary *****************
Zeta value -1.310054905964324
Final original objective value [-2.48105835 -2.25375685 -2.25380137 -2.55981805 -1.38551177 -1.44630949
 -1.31005491 -2.67433854 -2.64068136 -2.38335124]
Final maximum original objective value 1.310054905964324
Final average original objective value -2.1388681925789585
Final original objective value exceeding current objective value []
Final squared penalty error 0
Final penalized objective value -1.310054905964324
Final gradient [ 7.68325319e-02  5.45906069e-02  3.59994401e-02  2.12251038e-02
  1.03692342e-02  3.46812471e-03  4.93025752e-04 -4.53543891e-05
 -1.84344077e-05  2.39311277e-05  3.82773748e-06 -3.48659692e-05
 -5.55703848e-05 -4.50660472e-05 -1.52773471e-05  9.59719169e-06
  1.90578971e-05  1.66585096e-05  1.59991292e-05  3.17811915e-05
  6.69707167e-05  9.91446277e-05  7.83884367e-05 -2.10584302e-05
  2.54753011e-05  5.01888579e-04  1.38251536e-03  2.49670399e-03
  3.68175116e-03  4.78660674e-03  5.67529570e-03  6.22998581e-03
  6.35363703e-03  5.97217685e-03  5.03615535e-03  7.71360530e-06
 -1.30827181e-02 -3.43446191e-02 -6.29924479e-02 -9.79677828e-02]
Number of iterations 53
Terminated due to Converged
Completed in 0:00:32.928686 HH:MM:SS.US
Computational time 32.928686208
total tv norm 4.871091630938176
true energy -2.5826879787279347
