********* Summary *****************
Zeta value -1.6161747179502832
Final original objective value [-1.8896894  -1.85268017 -1.87925394 -1.86040864 -1.65562231 -1.65481982
 -1.61617472 -1.80208996 -1.78703311 -1.88828421]
Final average original objective value -1.788605627899949
Final original objective value exceeding current objective value []
Final squared penalty error 0
Final penalized objective value -1.6161747179502832
Final gradient [ 6.36050999e-07  7.92714336e-07  9.32944579e-07  1.05519704e-06
  1.15836616e-06  1.24173415e-06  1.30491599e-06  1.34780532e-06
  1.37052423e-06  1.37337891e-06  1.35682215e-06  1.32142288e-06
  1.26793248e-06  1.19838518e-06  1.11597059e-06  1.02389574e-06
  9.25176999e-07  8.21491966e-07  7.13357359e-07  6.01266488e-07
  4.85683344e-07  3.67037433e-07  2.45719667e-07  1.22079652e-07
 -3.57529684e-09 -1.30979065e-07 -2.59903268e-07 -3.90151136e-07
 -5.21548552e-07 -6.53932146e-07 -7.87134469e-07 -9.20966430e-07
 -1.05519736e-06 -1.18953335e-06 -1.32359464e-06 -1.45689341e-06
 -1.58881319e-06 -1.71859193e-06 -1.84531043e-06 -1.96788844e-06]
Number of iterations 8
Terminated due to Converged
Completed in 0:00:05.507556 HH:MM:SS.US
Computational time 5.507556208999999
total tv norm 1.901035509136717
true energy -2.0378746925845217
